<?xml version="1.0" encoding="UTF-8"?>
<!-- Generated by org.testng.reporters.JUnitReportReporter -->
<testsuite hostname="DESKTOP-J8STJTS" failures="0" tests="1" name="testCases.TC002_LoginTest" time="2.730" errors="0" timestamp="2025-07-25T23:18:07 IST" skipped="0">
  <testcase classname="testCases.TC002_LoginTest" name="verify_login" time="2.730"/>
</testsuite> <!-- testCases.TC002_LoginTest -->
