<?xml version="1.0" encoding="UTF-8"?>
<!-- Generated by org.testng.reporters.JUnitReportReporter -->
<testsuite hostname="DESKTOP-J8STJTS" failures="0" tests="1" name="testCases.TC001_AccountRegistrationTest" time="2.937" errors="0" timestamp="2025-07-31T14:56:15 IST" skipped="0">
  <testcase classname="testCases.TC001_AccountRegistrationTest" name="verify_account_registration" time="2.937"/>
</testsuite> <!-- testCases.TC001_AccountRegistrationTest -->
